<?xml version="1.0" encoding="utf-8"?><testsuites name="pytest tests"><testsuite name="pytest" errors="0" failures="0" skipped="0" tests="10" time="1.368" timestamp="2026-05-12T23:10:19.343432+00:00" hostname="agent-env-443732d1-022c-48d0-ad74-64679b1a034f"><testcase classname="backend.tests.test_api.TestServiceStatus" name="test_root" time="0.313" /><testcase classname="backend.tests.test_api.TestServiceStatus" name="test_health" time="0.068" /><testcase classname="backend.tests.test_api.TestNewsletter" name="test_subscribe_valid" time="0.153" /><testcase classname="backend.tests.test_api.TestNewsletter" name="test_subscribe_duplicate" time="0.136" /><testcase classname="backend.tests.test_api.TestNewsletter" name="test_subscribe_invalid_email" time="0.063" /><testcase classname="backend.tests.test_api.TestEnrollment" name="test_submit_full" time="0.149" /><testcase classname="backend.tests.test_api.TestEnrollment" name="test_submit_missing_required" time="0.060" /><testcase classname="backend.tests.test_api.TestEnrollment" name="test_submit_invalid_email" time="0.061" /><testcase classname="backend.tests.test_api.TestEnrollment" name="test_submit_missing_child_age" time="0.059" /><testcase classname="backend.tests.test_api.TestEnrollment" name="test_submit_missing_program" time="0.058" /></testsuite></testsuites>